Arguments: 
  C:\Program Files\nodejs\node.exe C:\Users\arush\AppData\Roaming\npm\node_modules\yarn\bin\yarn.js add react-icons

PATH: 
  C:\WINDOWS\system32;C:\WINDOWS;C:\WINDOWS\System32\Wbem;C:\WINDOWS\System32\WindowsPowerShell\v1.0\;C:\WINDOWS\System32\OpenSSH\;C:\Program Files\Git\cmd;C:\Program Files\nodejs\;C:\Users\arush\AppData\Local\Microsoft\WindowsApps;C:\Users\arush\AppData\Local\Programs\Microsoft VS Code\bin;C:\Users\arush\AppData\Local\GitHubDesktop\bin;C:\Users\arush\AppData\Roaming\npm;

Yarn version: 
  1.22.19

Node version: 
  18.14.0

Platform: 
  win32 x64

Trace: 
  Error: EPERM: operation not permitted, unlink 'C:\Users\arush\Downloads\braveWorld\finance-budge\node_modules\@next\swc-win32-x64-msvc\next-swc.win32-x64-msvc.node'

npm manifest: 
  {
    "name": "finance-budge",
    "version": "0.1.0",
    "private": true,
    "scripts": {
      "dev": "next dev",
      "build": "next build",
      "start": "next start",
      "lint": "next lint"
    },
    "dependencies": {
      "autoprefixer": "10.4.14",
      "next": "13.4.2",
      "postcss": "8.4.23",
      "react": "18.2.0",
      "react-dom": "18.2.0",
      "tailwindcss": "3.3.2"
    }
  }

yarn manifest: 
  No manifest

Lockfile: 
  No lockfile
